[ 2025-03-24 20:39:50,979 ] 17 root - INFO - Initiate the data ingestion process
[ 2025-03-24 20:39:53,227 ] 69 root - INFO - Performed train test split on the dataframe
[ 2025-03-24 20:39:53,227 ] 71 root - INFO - Exited split_data_as_train_test method of Data_Ingestion class
[ 2025-03-24 20:39:53,227 ] 75 root - INFO - Exporting train and test file path.
[ 2025-03-24 20:39:53,284 ] 79 root - INFO - Exported train and test file path.
[ 2025-03-24 20:39:53,285 ] 19 root - INFO - Data initiation completed
[ 2025-03-24 20:39:53,293 ] 24 root - INFO - Initiate the data validation process
[ 2025-03-24 20:39:53,360 ] 93 root - INFO - Data read from train and test file done
[ 2025-03-24 20:39:53,360 ] 34 root - INFO - Required Number of columns in schema file : 31
[ 2025-03-24 20:39:53,360 ] 35 root - INFO - Dataframe has columns : Index(['having_IP_Address', 'URL_Length', 'Shortining_Service',
       'having_At_Symbol', 'double_slash_redirecting', 'Prefix_Suffix',
       'having_Sub_Domain', 'SSLfinal_State', 'Domain_registeration_length',
       'Favicon', 'port', 'HTTPS_token', 'Request_URL', 'URL_of_Anchor',
       'Links_in_tags', 'SFH', 'Submitting_to_email', 'Abnormal_URL',
       'Redirect', 'on_mouseover', 'RightClick', 'popUpWidnow', 'Iframe',
       'age_of_domain', 'DNSRecord', 'web_traffic', 'Page_Rank',
       'Google_Index', 'Links_pointing_to_page', 'Statistical_report',
       'Result'],
      dtype='object')
[ 2025-03-24 20:39:53,360 ] 34 root - INFO - Required Number of columns in schema file : 31
[ 2025-03-24 20:39:53,360 ] 35 root - INFO - Dataframe has columns : Index(['having_IP_Address', 'URL_Length', 'Shortining_Service',
       'having_At_Symbol', 'double_slash_redirecting', 'Prefix_Suffix',
       'having_Sub_Domain', 'SSLfinal_State', 'Domain_registeration_length',
       'Favicon', 'port', 'HTTPS_token', 'Request_URL', 'URL_of_Anchor',
       'Links_in_tags', 'SFH', 'Submitting_to_email', 'Abnormal_URL',
       'Redirect', 'on_mouseover', 'RightClick', 'popUpWidnow', 'Iframe',
       'age_of_domain', 'DNSRecord', 'web_traffic', 'Page_Rank',
       'Google_Index', 'Links_pointing_to_page', 'Statistical_report',
       'Result'],
      dtype='object')
[ 2025-03-24 20:39:53,360 ] 46 root - INFO - Required Number of numerical columns in schema file : 31
[ 2025-03-24 20:39:53,362 ] 47 root - INFO - Dataframe has numerical columns : Index(['having_IP_Address', 'URL_Length', 'Shortining_Service',
       'having_At_Symbol', 'double_slash_redirecting', 'Prefix_Suffix',
       'having_Sub_Domain', 'SSLfinal_State', 'Domain_registeration_length',
       'Favicon', 'port', 'HTTPS_token', 'Request_URL', 'URL_of_Anchor',
       'Links_in_tags', 'SFH', 'Submitting_to_email', 'Abnormal_URL',
       'Redirect', 'on_mouseover', 'RightClick', 'popUpWidnow', 'Iframe',
       'age_of_domain', 'DNSRecord', 'web_traffic', 'Page_Rank',
       'Google_Index', 'Links_pointing_to_page', 'Statistical_report',
       'Result'],
      dtype='object')
[ 2025-03-24 20:39:53,363 ] 46 root - INFO - Required Number of numerical columns in schema file : 31
[ 2025-03-24 20:39:53,363 ] 47 root - INFO - Dataframe has numerical columns : Index(['having_IP_Address', 'URL_Length', 'Shortining_Service',
       'having_At_Symbol', 'double_slash_redirecting', 'Prefix_Suffix',
       'having_Sub_Domain', 'SSLfinal_State', 'Domain_registeration_length',
       'Favicon', 'port', 'HTTPS_token', 'Request_URL', 'URL_of_Anchor',
       'Links_in_tags', 'SFH', 'Submitting_to_email', 'Abnormal_URL',
       'Redirect', 'on_mouseover', 'RightClick', 'popUpWidnow', 'Iframe',
       'age_of_domain', 'DNSRecord', 'web_traffic', 'Page_Rank',
       'Google_Index', 'Links_pointing_to_page', 'Statistical_report',
       'Result'],
      dtype='object')
[ 2025-03-24 20:39:53,553 ] 26 root - INFO - Data validation completed
[ 2025-03-24 20:39:53,556 ] 31 root - INFO - Data transformation process initiated
[ 2025-03-24 20:39:53,556 ] 51 root - INFO - Entered initiate_data_transformation method of DataTransformation class
[ 2025-03-24 20:39:53,556 ] 53 root - INFO - Starting Data Transformation
[ 2025-03-24 20:39:53,613 ] 40 root - INFO - Entered get_data_transformer_object method of DataTransformation class
[ 2025-03-24 20:39:53,613 ] 43 root - INFO - Initialise KNNImputer with {'missing_values': nan, 'n_neighbors': 3, 'weights': 'uniform'}
[ 2025-03-24 20:39:53,629 ] 49 root - INFO - Entered the save_object method of MainUtils class
[ 2025-03-24 20:39:53,629 ] 53 root - INFO - Exited the save_object method of MainUtils class
[ 2025-03-24 20:39:53,638 ] 33 root - INFO - Data transformation completed
[ 2025-03-24 20:39:53,639 ] 36 root - INFO - Model Trainer started.
[ 2025-03-24 20:41:28,506 ] 49 root - INFO - Entered the save_object method of MainUtils class
[ 2025-03-24 20:41:28,547 ] 53 root - INFO - Exited the save_object method of MainUtils class
[ 2025-03-24 20:41:28,549 ] 113 root - INFO - Model trainer artifact: ModelTrainerArtifact(trained_model_file_path='Artifacts\\03_24_2025_20_39_47\\model_trainer\\trained_model\\Model.pkl', train_metric_artifact=ClassificationMetricsArtifact(f1_score=0.9919093851132686, precission_score=0.9879129734085415, recall_score=0.9959382615759546), test_metric_artifact=ClassificationMetricsArtifact(f1_score=0.972929292929293, precission_score=0.9694041867954911, recall_score=0.9764801297648013))
[ 2025-03-24 20:41:28,553 ] 41 root - INFO - Model Training artifact created
