[ 2025-03-24 20:25:59,239 ] 17 root - INFO - Initiate the data ingestion process
[ 2025-03-24 20:26:08,017 ] 69 root - INFO - Performed train test split on the dataframe
[ 2025-03-24 20:26:08,017 ] 71 root - INFO - Exited split_data_as_train_test method of Data_Ingestion class
[ 2025-03-24 20:26:08,017 ] 75 root - INFO - Exporting train and test file path.
[ 2025-03-24 20:26:08,062 ] 79 root - INFO - Exported train and test file path.
[ 2025-03-24 20:26:08,062 ] 19 root - INFO - Data initiation completed
[ 2025-03-24 20:26:08,088 ] 24 root - INFO - Initiate the data validation process
[ 2025-03-24 20:26:08,143 ] 93 root - INFO - Data read from train and test file done
[ 2025-03-24 20:26:08,143 ] 34 root - INFO - Required Number of columns in schema file : 31
[ 2025-03-24 20:26:08,143 ] 35 root - INFO - Dataframe has columns : Index(['having_IP_Address', 'URL_Length', 'Shortining_Service',
       'having_At_Symbol', 'double_slash_redirecting', 'Prefix_Suffix',
       'having_Sub_Domain', 'SSLfinal_State', 'Domain_registeration_length',
       'Favicon', 'port', 'HTTPS_token', 'Request_URL', 'URL_of_Anchor',
       'Links_in_tags', 'SFH', 'Submitting_to_email', 'Abnormal_URL',
       'Redirect', 'on_mouseover', 'RightClick', 'popUpWidnow', 'Iframe',
       'age_of_domain', 'DNSRecord', 'web_traffic', 'Page_Rank',
       'Google_Index', 'Links_pointing_to_page', 'Statistical_report',
       'Result'],
      dtype='object')
[ 2025-03-24 20:26:08,143 ] 34 root - INFO - Required Number of columns in schema file : 31
[ 2025-03-24 20:26:08,143 ] 35 root - INFO - Dataframe has columns : Index(['having_IP_Address', 'URL_Length', 'Shortining_Service',
       'having_At_Symbol', 'double_slash_redirecting', 'Prefix_Suffix',
       'having_Sub_Domain', 'SSLfinal_State', 'Domain_registeration_length',
       'Favicon', 'port', 'HTTPS_token', 'Request_URL', 'URL_of_Anchor',
       'Links_in_tags', 'SFH', 'Submitting_to_email', 'Abnormal_URL',
       'Redirect', 'on_mouseover', 'RightClick', 'popUpWidnow', 'Iframe',
       'age_of_domain', 'DNSRecord', 'web_traffic', 'Page_Rank',
       'Google_Index', 'Links_pointing_to_page', 'Statistical_report',
       'Result'],
      dtype='object')
[ 2025-03-24 20:26:08,143 ] 46 root - INFO - Required Number of numerical columns in schema file : 31
[ 2025-03-24 20:26:08,143 ] 47 root - INFO - Dataframe has numerical columns : Index(['having_IP_Address', 'URL_Length', 'Shortining_Service',
       'having_At_Symbol', 'double_slash_redirecting', 'Prefix_Suffix',
       'having_Sub_Domain', 'SSLfinal_State', 'Domain_registeration_length',
       'Favicon', 'port', 'HTTPS_token', 'Request_URL', 'URL_of_Anchor',
       'Links_in_tags', 'SFH', 'Submitting_to_email', 'Abnormal_URL',
       'Redirect', 'on_mouseover', 'RightClick', 'popUpWidnow', 'Iframe',
       'age_of_domain', 'DNSRecord', 'web_traffic', 'Page_Rank',
       'Google_Index', 'Links_pointing_to_page', 'Statistical_report',
       'Result'],
      dtype='object')
[ 2025-03-24 20:26:08,143 ] 46 root - INFO - Required Number of numerical columns in schema file : 31
[ 2025-03-24 20:26:08,143 ] 47 root - INFO - Dataframe has numerical columns : Index(['having_IP_Address', 'URL_Length', 'Shortining_Service',
       'having_At_Symbol', 'double_slash_redirecting', 'Prefix_Suffix',
       'having_Sub_Domain', 'SSLfinal_State', 'Domain_registeration_length',
       'Favicon', 'port', 'HTTPS_token', 'Request_URL', 'URL_of_Anchor',
       'Links_in_tags', 'SFH', 'Submitting_to_email', 'Abnormal_URL',
       'Redirect', 'on_mouseover', 'RightClick', 'popUpWidnow', 'Iframe',
       'age_of_domain', 'DNSRecord', 'web_traffic', 'Page_Rank',
       'Google_Index', 'Links_pointing_to_page', 'Statistical_report',
       'Result'],
      dtype='object')
[ 2025-03-24 20:26:08,272 ] 26 root - INFO - Data validation completed
[ 2025-03-24 20:26:08,272 ] 31 root - INFO - Data transformation process initiated
[ 2025-03-24 20:26:08,272 ] 51 root - INFO - Entered initiate_data_transformation method of DataTransformation class
[ 2025-03-24 20:26:08,272 ] 53 root - INFO - Starting Data Transformation
[ 2025-03-24 20:26:08,297 ] 40 root - INFO - Entered get_data_transformer_object method of DataTransformation class
[ 2025-03-24 20:26:08,297 ] 43 root - INFO - Initialise KNNImputer with {'missing_values': nan, 'n_neighbors': 3, 'weights': 'uniform'}
[ 2025-03-24 20:26:08,320 ] 49 root - INFO - Entered the save_object method of MainUtils class
[ 2025-03-24 20:26:08,324 ] 53 root - INFO - Exited the save_object method of MainUtils class
[ 2025-03-24 20:26:08,326 ] 33 root - INFO - Data transformation completed
[ 2025-03-24 20:26:08,326 ] 36 root - INFO - Model Trainer started.
[ 2025-03-24 20:28:09,626 ] 44 root - ERROR - Error in main : Error occured in python script name [D:\NetworkSecurity\networksecurity\components\model_trainer.py] line number [134] error message [ModelTrainer.track_mlflow() takes 2 positional arguments but 3 were given]
